=========================================================================

  JBoss Bootstrap Environment

  JBOSS_HOME: /Users/ddoyle/Development/github/bbc-demo-signavio/target/jboss-eap-6.4

  JAVA: /Library/Java/JavaVirtualMachines/Home/bin/java

  JAVA_OPTS:  -server -XX:+UseCompressedOops -verbose:gc -Xloggc:"/Users/ddoyle/Development/github/bbc-demo-signavio/target/jboss-eap-6.4/standalone/log/gc.log" -XX:+PrintGCDetails -XX:+PrintGCDateStamps -XX:+UseGCLogFileRotation -XX:NumberOfGCLogFiles=5 -XX:GCLogFileSize=3M -XX:-TraceClassUnloading -Xms1303m -Xmx1303m -XX:MaxPermSize=256m -Djava.net.preferIPv4Stack=true -Djboss.modules.system.pkgs=org.jboss.byteman -Djava.awt.headless=true -Djboss.modules.policy-permissions=true

=========================================================================

[0m14:52:36,411 INFO  [org.jboss.modules] (main) JBoss Modules version 1.3.7.Final-redhat-1
[0m[0m14:52:36,539 INFO  [org.jboss.msc] (main) JBoss MSC version 1.1.5.Final-redhat-1
[0m[0m14:52:36,591 INFO  [org.jboss.as] (MSC service thread 1-6) JBAS015899: JBoss EAP 6.4.7.GA (AS 7.5.7.Final-redhat-3) starting
[0m[33m14:52:37,348 WARN  [org.jboss.messaging] (Controller Boot Thread) JBAS011618: There is no resource matching the expiry-address jms.queue.ExpiryQueue for the address-settings #, expired messages from destinations matching this address-setting will be lost!
[0m[33m14:52:37,349 WARN  [org.jboss.messaging] (Controller Boot Thread) JBAS011619: There is no resource matching the dead-letter-address jms.queue.DLQ for the address-settings #, undelivered messages from destinations matching this address-setting will be lost!
[0m[0m14:52:37,359 INFO  [org.xnio] (MSC service thread 1-2) XNIO Version 3.0.15.GA-redhat-1
[0m[0m14:52:37,362 INFO  [org.jboss.as.server] (Controller Boot Thread) JBAS015888: Creating http management service using socket-binding (management-http)
[0m[0m14:52:37,364 INFO  [org.xnio.nio] (MSC service thread 1-2) XNIO NIO Implementation Version 3.0.15.GA-redhat-1
[0m[0m14:52:37,385 INFO  [org.jboss.remoting] (MSC service thread 1-2) JBoss Remoting version 3.3.7.Final-redhat-1
[0m[0m14:52:37,422 INFO  [org.jboss.as.remoting] (MSC service thread 1-14) JBAS017100: Listening on 127.0.0.1:9999
[0m[0m14:52:37,460 INFO  [org.jboss.as] (Controller Boot Thread) JBAS015961: Http management interface listening on http://127.0.0.1:9990/management
[0m[0m14:52:37,460 INFO  [org.jboss.as] (Controller Boot Thread) JBAS015954: Admin console is not enabled
[0m[0m14:52:37,460 INFO  [org.jboss.as] (Controller Boot Thread) JBAS015874: JBoss EAP 6.4.7.GA (AS 7.5.7.Final-redhat-3) started in 1280ms - Started 45 of 58 services (24 services are lazy, passive or on-demand)
[0m[0m14:52:42,756 INFO  [org.jboss.as] (MSC service thread 1-1) JBAS015950: JBoss EAP 6.4.7.GA (AS 7.5.7.Final-redhat-3) stopped in 7ms
[0m